<?xml version="1.0" encoding="UTF-8"?>
<!-- Generated by org.testng.reporters.JUnitReportReporter -->
<testsuite hostname="boom-Satellite-C850" failures="0" tests="2" name="basics.testng.Sequencing" time="0.000" errors="0" timestamp="01 Nov 2018 14:30:56 GMT" skipped="2">
  <testcase classname="basics.testng.Sequencing" name="testCase1" time="0.000">
    <skipped/>
  </testcase> <!-- testCase1 -->
  <testcase classname="basics.testng.Sequencing" name="testCase2" time="0.000">
    <skipped/>
  </testcase> <!-- testCase2 -->
</testsuite> <!-- basics.testng.Sequencing -->
