<?xml version="1.0" encoding="UTF-8"?>
<!-- Generated by org.testng.reporters.JUnitReportReporter -->
<testsuite hostname="boom-Satellite-C850" failures="0" tests="5" name="basics.testng.Grouping" time="0.024" errors="0" timestamp="01 Nov 2018 15:02:43 GMT" skipped="0">
  <testcase classname="basics.testng.Grouping" name="scooter1" time="0.002"/>
  <testcase classname="basics.testng.Grouping" name="car2" time="0.001"/>
  <testcase classname="basics.testng.Grouping" name="car1" time="0.017"/>
  <testcase classname="basics.testng.Grouping" name="sedan1" time="0.002"/>
  <testcase classname="basics.testng.Grouping" name="scoot2" time="0.002"/>
</testsuite> <!-- basics.testng.Grouping -->
