<?xml version="1.0" encoding="UTF-8"?>
<!-- Generated by org.testng.reporters.JUnitReportReporter -->
<testsuite hostname="boom-Satellite-C850" failures="0" tests="1" name="parameterization.TestNGParams" time="13.811" errors="0" timestamp="02 Nov 2018 16:35:21 GMT" skipped="0">
  <testcase classname="parameterization.TestNGParams" name="test" time="13.811"/>
</testsuite> <!-- parameterization.TestNGParams -->
