<?xml version="1.0" encoding="UTF-8"?>
<!-- Generated by org.testng.reporters.JUnitReportReporter -->
<testsuite hostname="boom-Satellite-C850" failures="0" tests="4" name="prioritizing_sequencing.MultipleTest" time="0.020" errors="0" timestamp="02 Nov 2018 14:51:46 GMT" skipped="0">
  <testcase classname="prioritizing_sequencing.MultipleTest" name="One" time="0.014"/>
  <testcase classname="prioritizing_sequencing.MultipleTest" name="Two" time="0.002"/>
  <testcase classname="prioritizing_sequencing.MultipleTest" name="Three" time="0.002"/>
  <testcase classname="prioritizing_sequencing.MultipleTest" name="Four" time="0.002"/>
</testsuite> <!-- prioritizing_sequencing.MultipleTest -->
