<?xml version="1.0" encoding="UTF-8"?>
<!-- Generated by org.testng.reporters.JUnitReportReporter -->
<testsuite hostname="boom-Satellite-C850" failures="0" tests="3" name="basics.testng.Dependent" time="0.017" errors="0" timestamp="01 Nov 2018 15:12:22 GMT" skipped="0">
  <testcase classname="basics.testng.Dependent" name="openBrowser" time="0.013"/>
  <testcase classname="basics.testng.Dependent" name="signIn" time="0.002"/>
  <testcase classname="basics.testng.Dependent" name="logout" time="0.002"/>
</testsuite> <!-- basics.testng.Dependent -->
