<?xml version="1.0" encoding="UTF-8"?>
<!-- Generated by org.testng.reporters.JUnitReportReporter -->
<testsuite hostname="boom-Satellite-C850" failures="0" tests="2" name="parameterization.TestNGDataProviders" time="61.929" errors="0" timestamp="02 Nov 2018 17:00:48 GMT" skipped="0">
  <testcase classname="parameterization.TestNGDataProviders" name="loginToCRM" time="26.501"/>
  <testcase classname="parameterization.TestNGDataProviders" name="loginToCRM" time="35.428"/>
</testsuite> <!-- parameterization.TestNGDataProviders -->
