<?xml version="1.0" encoding="UTF-8"?>
<!-- Generated by org.testng.reporters.JUnitReportReporter -->
<testsuite hostname="boom-Satellite-C850" failures="0" tests="4" name="prioritizing_sequencing.SkipTest" time="0.020" errors="0" timestamp="02 Nov 2018 14:53:24 GMT" skipped="1">
  <testcase classname="prioritizing_sequencing.SkipTest" name="One" time="0.016"/>
  <testcase classname="prioritizing_sequencing.SkipTest" name="Two" time="0.002"/>
  <testcase classname="prioritizing_sequencing.SkipTest" name="Four" time="0.002"/>
  <testcase classname="prioritizing_sequencing.SkipTest" name="Three">
    <skipped/>
  </testcase> <!-- Three -->
</testsuite> <!-- prioritizing_sequencing.SkipTest -->
